  PluginProcessor.cpp
C:\Users\lars\OneDrive - Aalborg Universitet\Programmering\C++\JUCE projekter\KadenzeChorusFlangerAudioProcessor\Source\PluginProcessor.cpp(43,102): warning C4305: 'argument': truncation from 'double' to 'float'
C:\Users\lars\OneDrive - Aalborg Universitet\Programmering\C++\JUCE projekter\KadenzeChorusFlangerAudioProcessor\Source\PluginProcessor.cpp(124,62): warning C4100: 'index': unreferenced formal parameter
C:\Users\lars\OneDrive - Aalborg Universitet\Programmering\C++\JUCE projekter\KadenzeChorusFlangerAudioProcessor\Source\PluginProcessor.cpp(128,67): warning C4100: 'index': unreferenced formal parameter
C:\Users\lars\OneDrive - Aalborg Universitet\Programmering\C++\JUCE projekter\KadenzeChorusFlangerAudioProcessor\Source\PluginProcessor.cpp(133,83): warning C4100: 'newName': unreferenced formal parameter
C:\Users\lars\OneDrive - Aalborg Universitet\Programmering\C++\JUCE projekter\KadenzeChorusFlangerAudioProcessor\Source\PluginProcessor.cpp(133,62): warning C4100: 'index': unreferenced formal parameter
C:\Users\lars\OneDrive - Aalborg Universitet\Programmering\C++\JUCE projekter\KadenzeChorusFlangerAudioProcessor\Source\PluginProcessor.cpp(143,40): warning C4244: '=': conversion from 'double' to 'int', possible loss of data
C:\Users\lars\OneDrive - Aalborg Universitet\Programmering\C++\JUCE projekter\KadenzeChorusFlangerAudioProcessor\Source\PluginProcessor.cpp(138,77): warning C4100: 'samplesPerBlock': unreferenced formal parameter
C:\Users\lars\OneDrive - Aalborg Universitet\Programmering\C++\JUCE projekter\KadenzeChorusFlangerAudioProcessor\Source\PluginProcessor.cpp(219,70): warning C4305: 'initializing': truncation from 'double' to 'float'
C:\Users\lars\OneDrive - Aalborg Universitet\Programmering\C++\JUCE projekter\KadenzeChorusFlangerAudioProcessor\Source\PluginProcessor.cpp(251,36): warning C4244: 'initializing': conversion from 'double' to 'float', possible loss of data
C:\Users\lars\OneDrive - Aalborg Universitet\Programmering\C++\JUCE projekter\KadenzeChorusFlangerAudioProcessor\Source\PluginProcessor.cpp(254,37): warning C4244: 'initializing': conversion from 'double' to 'float', possible loss of data
C:\Users\lars\OneDrive - Aalborg Universitet\Programmering\C++\JUCE projekter\KadenzeChorusFlangerAudioProcessor\Source\PluginProcessor.cpp(257,55): warning C4244: '+=': conversion from 'double' to 'float', possible loss of data
C:\Users\lars\OneDrive - Aalborg Universitet\Programmering\C++\JUCE projekter\KadenzeChorusFlangerAudioProcessor\Source\PluginProcessor.cpp(198,93): warning C4100: 'midiMessages': unreferenced formal parameter
C:\Users\lars\OneDrive - Aalborg Universitet\Programmering\C++\JUCE projekter\KadenzeChorusFlangerAudioProcessor\Source\PluginProcessor.cpp(382,72): error C2059: syntax error: ';'
C:\Users\lars\OneDrive - Aalborg Universitet\Programmering\C++\JUCE projekter\KadenzeChorusFlangerAudioProcessor\Source\PluginProcessor.cpp(384,9): error C2065: 'xml': undeclared identifier
C:\Users\lars\OneDrive - Aalborg Universitet\Programmering\C++\JUCE projekter\KadenzeChorusFlangerAudioProcessor\Source\PluginProcessor.cpp(384,33): error C2065: 'xml': undeclared identifier
C:\Users\lars\OneDrive - Aalborg Universitet\Programmering\C++\JUCE projekter\KadenzeChorusFlangerAudioProcessor\Source\PluginProcessor.cpp(385,29): error C2065: 'xml': undeclared identifier
C:\Users\lars\OneDrive - Aalborg Universitet\Programmering\C++\JUCE projekter\KadenzeChorusFlangerAudioProcessor\Source\PluginProcessor.cpp(386,28): error C2065: 'xml': undeclared identifier
C:\Users\lars\OneDrive - Aalborg Universitet\Programmering\C++\JUCE projekter\KadenzeChorusFlangerAudioProcessor\Source\PluginProcessor.cpp(387,27): error C2065: 'xml': undeclared identifier
C:\Users\lars\OneDrive - Aalborg Universitet\Programmering\C++\JUCE projekter\KadenzeChorusFlangerAudioProcessor\Source\PluginProcessor.cpp(388,34): error C2065: 'xml': undeclared identifier
C:\Users\lars\OneDrive - Aalborg Universitet\Programmering\C++\JUCE projekter\KadenzeChorusFlangerAudioProcessor\Source\PluginProcessor.cpp(389,31): error C2065: 'xml': undeclared identifier
C:\Users\lars\OneDrive - Aalborg Universitet\Programmering\C++\JUCE projekter\KadenzeChorusFlangerAudioProcessor\Source\PluginProcessor.cpp(390,27): error C2065: 'xml': undeclared identifier
